==========================================
SLURM_JOB_ID = 8457788
SLURM_JOB_NODELIST = a03-11
TMPDIR = /tmp/SLURM_8457788
==========================================
=== Job started: Tue Apr 28 20:45:26 PDT 2026 ===
Node: a03-11
[main] --- Batch Run ---
[main] num_tokens=30000, max_num_subtokens=2
[main] components: ['Pile-CC', 'PubMed Central', 'FreeLaw', 'USPTO Backgrounds', 'Wikipedia (en)', 'HackerNews', 'NIH ExPorter', 'PubMed Abstracts', 'PhilPapers', 'Gutenberg (PG-19)']
[main] Output directory: output/30000_tokens(1)
[main] Loading model and tokenizer...
[main] Model and tokenizer loaded.

[main] ===== Processing component: 'Pile-CC' =====
Collected 32 samples using 29487/30000 tokens.
[main] Data fetched: {'num_samples': 32, 'num_tokens': 29487, 'num_words': 21627, 'avg_tokens_per_sample': 921.46875}
[main] Getting multi-token words from text...
[main] Found 814 unique multi-token words.
[main] num_tokens=30000 > 10000 — using streaming aggregation (get_attentions_streaming).
[main] Getting attentions (streaming) for component='Pile-CC'...
